\BOOKMARK [1][-]{section.1}{\376\377\000I\000n\000t\000r\000o\000d\000u\000c\000c\000i\000\363}{}% 1
\BOOKMARK [1][-]{section.2}{\376\377\000O\000b\000j\000e\000c\000t\000i\000u\000s\000\040\000i\000\040\000H\000i\000p\000\362\000t\000e\000s\000i\000s}{}% 2
\BOOKMARK [2][-]{subsection.2.1}{\376\377\000P\000r\000e\000g\000u\000n\000t\000e\000s\000\040\000d\000e\000\040\000r\000e\000c\000e\000r\000c\000a}{section.2}% 3
\BOOKMARK [2][-]{subsection.2.2}{\376\377\000H\000i\000p\000\362\000t\000e\000s\000i\000s}{section.2}% 4
\BOOKMARK [1][-]{section.3}{\376\377\000M\000a\000r\000c\000\040\000T\000e\000\362\000r\000i\000c}{}% 5
\BOOKMARK [2][-]{subsection.3.1}{\376\377\000E\000c\000o\000s\000i\000s\000t\000e\000m\000a}{section.3}% 6
\BOOKMARK [2][-]{subsection.3.2}{\376\377\000T\000i\000p\000u\000s\000\040\000d\040\031\000e\000c\000o\000s\000i\000s\000t\000e\000m\000e\000s}{section.3}% 7
\BOOKMARK [2][-]{subsection.3.3}{\376\377\000R\000e\000l\000a\000c\000i\000o\000n\000s\000\040\000i\000n\000t\000r\000a\000e\000s\000p\000e\000c\000\355\000f\000i\000q\000u\000e\000s\000\040\000i\000\040\000i\000n\000t\000e\000r\000e\000s\000p\000e\000c\000\355\000f\000i\000q\000u\000e\000s}{section.3}% 8
\BOOKMARK [3][-]{subsubsection.3.3.1}{\376\377\000L\000a\000\040\000d\000e\000p\000r\000e\000d\000a\000c\000i\000\363}{subsection.3.3}% 9
\BOOKMARK [3][-]{subsubsection.3.3.2}{\376\377\000L\000a\000\040\000c\000o\000m\000p\000e\000t\000\350\000n\000c\000i\000a}{subsection.3.3}% 10
\BOOKMARK [3][-]{subsubsection.3.3.3}{\376\377\000C\000o\000m\000e\000n\000s\000a\000l\000i\000s\000m\000e}{subsection.3.3}% 11
\BOOKMARK [2][-]{subsection.3.4}{\376\377\000T\000e\000r\000r\000a\000r\000i\000s}{section.3}% 12
\BOOKMARK [3][-]{subsubsection.3.4.1}{\376\377\000T\000e\000r\000r\000a\000r\000i\000\040\000b\000i\000o\000a\000c\000t\000i\000u}{subsection.3.4}% 13
\BOOKMARK [3][-]{subsubsection.3.4.2}{\376\377\000M\000a\000n\000t\000e\000n\000i\000m\000e\000n\000t\000\040\000i\000\040\000f\000a\000c\000t\000o\000r\000s\000\040\000a\000b\000i\000\362\000t\000i\000c\000s\000\040\000e\000n\000\040\000e\000l\000\040\000t\000e\000r\000r\000a\000r\000i}{subsection.3.4}% 14
\BOOKMARK [2][-]{subsection.3.5}{\376\377\000D\000e\000p\000r\000e\000d\000a\000d\000o\000r\000\040\000\050\000D\000r\000a\000g\000\363\000\040\000l\000l\000e\000o\000p\000a\000r\000d\000\051}{section.3}% 15
\BOOKMARK [3][-]{subsubsection.3.5.1}{\376\377\000T\000a\000x\000o\000n\000o\000m\000i\000a}{subsection.3.5}% 16
\BOOKMARK [3][-]{subsubsection.3.5.2}{\376\377\000D\000i\000s\000t\000r\000i\000b\000u\000c\000i\000\363}{subsection.3.5}% 17
\BOOKMARK [3][-]{subsubsection.3.5.3}{\376\377\000M\000\350\000t\000o\000d\000e\000s\000\040\000d\000e\000\040\000d\000e\000f\000e\000n\000s\000a\000\040\000i\000\040\000s\000u\000p\000e\000r\000v\000i\000v\000\350\000n\000c\000i\000a}{subsection.3.5}% 18
\BOOKMARK [3][-]{subsubsection.3.5.4}{\376\377\000D\000i\000e\000t\000a}{subsection.3.5}% 19
\BOOKMARK [3][-]{subsubsection.3.5.5}{\376\377\000C\000o\000m\000p\000o\000r\000t\000a\000m\000e\000n\000t}{subsection.3.5}% 20
\BOOKMARK [3][-]{subsubsection.3.5.6}{\376\377\000D\000i\000m\000o\000r\000f\000i\000s\000m\000e}{subsection.3.5}% 21
\BOOKMARK [3][-]{subsubsection.3.5.7}{\376\377\000R\000e\000p\000r\000o\000d\000u\000c\000c\000i\000\363}{subsection.3.5}% 22
\BOOKMARK [3][-]{subsubsection.3.5.8}{\376\377\000E\000s\000p\000e\000c\000i\000m\000e\000n\000\040\000j\000u\000v\000e\000n\000i\000l}{subsection.3.5}% 23
\BOOKMARK [3][-]{subsubsection.3.5.9}{\376\377\000E\000s\000p\000e\000c\000i\000m\000e\000n\000\040\000a\000d\000u\000l\000t}{subsection.3.5}% 24
\BOOKMARK [3][-]{subsubsection.3.5.10}{\376\377\000M\000a\000l\000a\000l\000t\000i\000e\000s}{subsection.3.5}% 25
\BOOKMARK [2][-]{subsection.3.6}{\376\377\000P\000r\000e\000s\000a\000\040\000n\000\372\000m\000e\000r\000o\000\040\0001\000\040\000\050\000P\000o\000r\000c\000e\000l\000l\000i\000o\000\040\000l\000a\000e\000v\000i\000s\000\051}{section.3}% 26
\BOOKMARK [3][-]{subsubsection.3.6.1}{\376\377\000T\000a\000x\000o\000n\000o\000m\000i\000a}{subsection.3.6}% 27
\BOOKMARK [3][-]{subsubsection.3.6.2}{\376\377\000D\000i\000s\000t\000r\000i\000b\000u\000c\000i\000\363}{subsection.3.6}% 28
\BOOKMARK [3][-]{subsubsection.3.6.3}{\376\377\000C\000a\000r\000a\000c\000t\000e\000r\000\355\000s\000t\000i\000q\000u\000e\000s}{subsection.3.6}% 29
\BOOKMARK [3][-]{subsubsection.3.6.4}{\376\377\000D\000i\000e\000t\000a}{subsection.3.6}% 30
\BOOKMARK [3][-]{subsubsection.3.6.5}{\376\377\000C\000o\000m\000p\000o\000r\000t\000a\000m\000e\000n\000t}{subsection.3.6}% 31
\BOOKMARK [3][-]{subsubsection.3.6.6}{\376\377\000D\000i\000m\000o\000r\000f\000i\000s\000m\000e}{subsection.3.6}% 32
\BOOKMARK [3][-]{subsubsection.3.6.7}{\376\377\000R\000e\000p\000r\000o\000d\000u\000c\000c\000i\000\363}{subsection.3.6}% 33
\BOOKMARK [3][-]{subsubsection.3.6.8}{\376\377\000E\000s\000p\000e\000c\000i\000m\000e\000n\000t\000\040\000j\000u\000v\000e\000n\000i\000l}{subsection.3.6}% 34
\BOOKMARK [3][-]{subsubsection.3.6.9}{\376\377\000E\000s\000p\000e\000c\000i\000m\000e\000n\000t\000\040\000a\000d\000u\000l\000t}{subsection.3.6}% 35
\BOOKMARK [2][-]{subsection.3.7}{\376\377\000P\000r\000e\000s\000a\000\040\000n\000\372\000m\000e\000r\000o\000\040\0002\000\040\000\050\000A\000r\000m\000a\000d\000i\000l\000l\000i\000d\000i\000u\000m\000\040\000v\000u\000l\000g\000a\000r\000e\000\051}{section.3}% 36
\BOOKMARK [3][-]{subsubsection.3.7.1}{\376\377\000T\000a\000x\000o\000n\000o\000m\000i\000a}{subsection.3.7}% 37
\BOOKMARK [3][-]{subsubsection.3.7.2}{\376\377\000D\000i\000s\000t\000r\000i\000b\000u\000c\000i\000\363}{subsection.3.7}% 38
\BOOKMARK [3][-]{subsubsection.3.7.3}{\376\377\000C\000a\000r\000a\000c\000t\000e\000r\000\355\000s\000t\000i\000q\000u\000e\000s}{subsection.3.7}% 39
\BOOKMARK [3][-]{subsubsection.3.7.4}{\376\377\000D\000i\000e\000t\000a}{subsection.3.7}% 40
\BOOKMARK [3][-]{subsubsection.3.7.5}{\376\377\000C\000o\000m\000p\000o\000r\000t\000a\000m\000e\000n\000t}{subsection.3.7}% 41
\BOOKMARK [3][-]{subsubsection.3.7.6}{\376\377\000D\000i\000m\000o\000r\000f\000i\000s\000m\000e}{subsection.3.7}% 42
\BOOKMARK [3][-]{subsubsection.3.7.7}{\376\377\000R\000e\000p\000r\000o\000d\000u\000c\000c\000i\000\363}{subsection.3.7}% 43
\BOOKMARK [3][-]{subsubsection.3.7.8}{\376\377\000E\000s\000p\000e\000c\000i\000m\000e\000n\000t\000\040\000j\000u\000v\000e\000n\000i\000l}{subsection.3.7}% 44
\BOOKMARK [3][-]{subsubsection.3.7.9}{\376\377\000E\000s\000p\000e\000c\000i\000m\000e\000n\000t\000\040\000a\000d\000u\000l\000t}{subsection.3.7}% 45
\BOOKMARK [1][-]{section.4}{\376\377\000M\000a\000r\000c\000\040\000P\000r\000\340\000c\000t\000i\000c}{}% 46
\BOOKMARK [2][-]{subsection.4.1}{\376\377\000D\000i\000s\000s\000e\000n\000y\000\040\000E\000x\000p\000e\000r\000i\000m\000e\000n\000t\000a\000l}{section.4}% 47
\BOOKMARK [2][-]{subsection.4.2}{\376\377\000M\000a\000t\000e\000r\000i\000a\000l\000s\000\040\000i\000\040\000M\000\350\000t\000o\000d\000e\000s}{section.4}% 48
\BOOKMARK [2][-]{subsection.4.3}{\376\377\000R\000e\000s\000u\000l\000t\000a\000t\000s\000\040\000i\000\040\000O\000b\000s\000e\000r\000v\000a\000c\000i\000o\000n\000s}{section.4}% 49
\BOOKMARK [2][-]{subsection.4.4}{\376\377\000A\000n\000\340\000l\000i\000s\000i\000\040\000d\000e\000\040\000R\000e\000s\000u\000l\000t\000a\000t\000s}{section.4}% 50
\BOOKMARK [1][-]{section*.2}{\376\377\000B\000i\000b\000l\000i\000o\000g\000r\000a\000f\000i\000a}{}% 51
