\BOOKMARK [1][-]{section*.1}{\376\377\000I\000n\000t\000r\000o\000d\000u\000c\000c\000i\000\363}{}% 1
\BOOKMARK [1][-]{section*.2}{\376\377\000O\000b\000j\000e\000c\000t\000i\000u\000s\000\040\000i\000\040\000H\000i\000p\000\362\000t\000e\000s\000i\000s}{}% 2
\BOOKMARK [1][-]{section*.3}{\376\377\000M\000a\000r\000c\000\040\000T\000e\000\362\000r\000i\000c}{}% 3
\BOOKMARK [2][-]{subsection*.4}{\376\377\000E\000c\000o\000s\000i\000s\000t\000e\000m\000a}{section*.3}% 4
\BOOKMARK [2][-]{subsection*.5}{\376\377\000T\000i\000p\000u\000s\000\040\000d\040\031\000e\000c\000o\000s\000i\000s\000t\000e\000m\000e\000s}{section*.3}% 5
\BOOKMARK [2][-]{subsection*.6}{\376\377\000R\000e\000l\000a\000c\000i\000o\000n\000s\000\040\000i\000n\000t\000r\000a\000e\000s\000p\000e\000c\000\355\000f\000i\000q\000u\000e\000s\000\040\000i\000\040\000i\000n\000t\000e\000r\000e\000s\000p\000e\000c\000\355\000f\000i\000q\000u\000e\000s}{section*.3}% 6
\BOOKMARK [3][-]{subsubsection*.7}{\376\377\000L\000a\000\040\000d\000e\000p\000r\000e\000d\000a\000c\000i\000\363}{subsection*.6}% 7
\BOOKMARK [3][-]{subsubsection*.8}{\376\377\000L\000a\000\040\000c\000o\000m\000p\000e\000t\000\350\000n\000c\000i\000a}{subsection*.6}% 8
\BOOKMARK [3][-]{subsubsection*.9}{\376\377\000C\000o\000m\000e\000n\000s\000a\000l\000i\000s\000m\000e}{subsection*.6}% 9
\BOOKMARK [2][-]{subsection*.10}{\376\377\000T\000e\000r\000r\000a\000r\000i\000s}{section*.3}% 10
\BOOKMARK [3][-]{subsubsection*.11}{\376\377\000T\000e\000r\000r\000a\000r\000i\000\040\000b\000i\000o\000a\000c\000t\000i\000u}{subsection*.10}% 11
\BOOKMARK [3][-]{subsubsection*.12}{\376\377\000M\000a\000n\000t\000e\000n\000i\000m\000e\000n\000t\000\040\000i\000\040\000f\000a\000c\000t\000o\000r\000s\000\040\000a\000b\000i\000\362\000t\000i\000c\000s\000\040\000e\000n\000\040\000e\000l\000\040\000t\000e\000r\000r\000a\000r\000i}{subsection*.10}% 12
\BOOKMARK [2][-]{subsection*.13}{\376\377\000D\000e\000p\000r\000e\000d\000a\000d\000o\000r\000\040\000\050\000D\000r\000a\000g\000\363\000\040\000l\000l\000e\000o\000p\000a\000r\000d\000\051}{section*.3}% 13
\BOOKMARK [3][-]{subsubsection*.14}{\376\377\000T\000a\000x\000o\000n\000o\000m\000i\000a}{subsection*.13}% 14
\BOOKMARK [3][-]{subsubsection*.15}{\376\377\000D\000i\000s\000t\000r\000i\000b\000u\000c\000i\000\363}{subsection*.13}% 15
\BOOKMARK [3][-]{subsubsection*.16}{\376\377\000M\000\350\000t\000o\000d\000e\000s\000\040\000d\000e\000\040\000d\000e\000f\000e\000n\000s\000a\000\040\000i\000\040\000s\000u\000p\000e\000r\000v\000i\000v\000\350\000n\000c\000i\000a}{subsection*.13}% 16
\BOOKMARK [3][-]{subsubsection*.17}{\376\377\000D\000i\000e\000t\000a}{subsection*.13}% 17
\BOOKMARK [3][-]{subsubsection*.18}{\376\377\000C\000o\000m\000p\000o\000r\000t\000a\000m\000e\000n\000t}{subsection*.13}% 18
\BOOKMARK [3][-]{subsubsection*.19}{\376\377\000D\000i\000m\000o\000r\000f\000i\000s\000m\000e}{subsection*.13}% 19
\BOOKMARK [3][-]{subsubsection*.20}{\376\377\000R\000e\000p\000r\000o\000d\000u\000c\000c\000i\000\363}{subsection*.13}% 20
\BOOKMARK [3][-]{subsubsection*.21}{\376\377\000E\000s\000p\000e\000c\000i\000m\000e\000n\000\040\000j\000u\000v\000e\000n\000i\000l}{subsection*.13}% 21
\BOOKMARK [3][-]{subsubsection*.22}{\376\377\000E\000s\000p\000e\000c\000i\000m\000e\000n\000\040\000a\000d\000u\000l\000t}{subsection*.13}% 22
\BOOKMARK [3][-]{subsubsection*.23}{\376\377\000M\000a\000l\000a\000l\000t\000i\000e\000s}{subsection*.13}% 23
\BOOKMARK [2][-]{subsection*.24}{\376\377\000P\000r\000e\000s\000a\000\040\000n\000\372\000m\000e\000r\000o\000\040\0001\000\040\000\050\000P\000o\000r\000c\000e\000l\000l\000i\000o\000\040\000l\000a\000e\000v\000i\000s\000\051}{section*.3}% 24
\BOOKMARK [3][-]{subsubsection*.25}{\376\377\000T\000a\000x\000o\000n\000o\000m\000i\000a}{subsection*.24}% 25
\BOOKMARK [3][-]{subsubsection*.26}{\376\377\000D\000i\000s\000t\000r\000i\000b\000u\000c\000i\000\363}{subsection*.24}% 26
\BOOKMARK [3][-]{subsubsection*.27}{\376\377\000C\000a\000r\000a\000c\000t\000e\000r\000\355\000s\000t\000i\000q\000u\000e\000s}{subsection*.24}% 27
\BOOKMARK [3][-]{subsubsection*.28}{\376\377\000D\000i\000e\000t\000a}{subsection*.24}% 28
\BOOKMARK [3][-]{subsubsection*.29}{\376\377\000C\000o\000m\000p\000o\000r\000t\000a\000m\000e\000n\000t}{subsection*.24}% 29
\BOOKMARK [3][-]{subsubsection*.30}{\376\377\000D\000i\000m\000o\000r\000f\000i\000s\000m\000e}{subsection*.24}% 30
\BOOKMARK [3][-]{subsubsection*.31}{\376\377\000R\000e\000p\000r\000o\000d\000u\000c\000c\000i\000\363}{subsection*.24}% 31
\BOOKMARK [3][-]{subsubsection*.32}{\376\377\000E\000s\000p\000e\000c\000i\000m\000e\000n\000t\000\040\000j\000u\000v\000e\000n\000i\000l}{subsection*.24}% 32
\BOOKMARK [3][-]{subsubsection*.33}{\376\377\000E\000s\000p\000e\000c\000i\000m\000e\000n\000t\000\040\000a\000d\000u\000l\000t}{subsection*.24}% 33
\BOOKMARK [2][-]{subsection*.34}{\376\377\000P\000r\000e\000s\000a\000\040\000n\000\372\000m\000e\000r\000o\000\040\0002\000\040\000\050\000A\000r\000m\000a\000d\000i\000l\000l\000i\000d\000i\000u\000m\000\040\000v\000u\000l\000g\000a\000r\000e\000\051}{section*.3}% 34
\BOOKMARK [3][-]{subsubsection*.35}{\376\377\000T\000a\000x\000o\000n\000o\000m\000i\000a}{subsection*.34}% 35
\BOOKMARK [3][-]{subsubsection*.36}{\376\377\000D\000i\000s\000t\000r\000i\000b\000u\000c\000i\000\363}{subsection*.34}% 36
\BOOKMARK [3][-]{subsubsection*.37}{\376\377\000C\000a\000r\000a\000c\000t\000e\000r\000\355\000s\000t\000i\000q\000u\000e\000s}{subsection*.34}% 37
\BOOKMARK [3][-]{subsubsection*.38}{\376\377\000D\000i\000e\000t\000a}{subsection*.34}% 38
\BOOKMARK [3][-]{subsubsection*.39}{\376\377\000C\000o\000m\000p\000o\000r\000t\000a\000m\000e\000n\000t}{subsection*.34}% 39
\BOOKMARK [3][-]{subsubsection*.40}{\376\377\000D\000i\000m\000o\000r\000f\000i\000s\000m\000e}{subsection*.34}% 40
\BOOKMARK [3][-]{subsubsection*.41}{\376\377\000R\000e\000p\000r\000o\000d\000u\000c\000c\000i\000\363}{subsection*.34}% 41
\BOOKMARK [3][-]{subsubsection*.42}{\376\377\000E\000s\000p\000e\000c\000i\000m\000e\000n\000t\000\040\000j\000u\000v\000e\000n\000i\000l}{subsection*.34}% 42
\BOOKMARK [3][-]{subsubsection*.43}{\376\377\000E\000s\000p\000e\000c\000i\000m\000e\000n\000t\000\040\000a\000d\000u\000l\000t}{subsection*.34}% 43
\BOOKMARK [1][-]{section*.44}{\376\377\000M\000a\000r\000c\000\040\000P\000r\000\340\000c\000t\000i\000c}{}% 44
\BOOKMARK [1][-]{section*.45}{\376\377\000B\000i\000b\000l\000i\000o\000g\000r\000a\000f\000i\000a}{}% 45
